# JRE version: OpenJDK Runtime Environment (11.0.15) (build 11.0.15+0-b2043.56-8887301)
# Java VM: OpenJDK 64-Bit Server VM (11.0.15+0-b2043.56-8887301, mixed mode, tiered, compressed oops, g1 gc, bsd-amd64)
Heap:
 garbage-first heap   total 350208K, used 305063K [0x00000007a0000000, 0x0000000800000000)
  region size 1024K, 17 young (17408K), 3 survivors (3072K)
 Metaspace       used 119006K, capacity 123283K, committed 123476K, reserved 1155072K
  class space    used 15591K, capacity 17182K, committed 17228K, reserved 1048576K
GC Heap History (20 events):
Event: 351.627 GC heap after
{Heap after GC invocations=55 (full 0):
 garbage-first heap   total 278528K, used 260863K [0x00000007a0000000, 0x0000000800000000)
  region size 1024K, 2 young (2048K), 2 survivors (2048K)
 Metaspace       used 113039K, capacity 116718K, committed 117076K, reserved 1150976K
  class space    used 14850K, capacity 16187K, committed 16204K, reserved 1048576K
}
Event: 352.049 GC heap before
{Heap before GC invocations=55 (full 0):
 garbage-first heap   total 278528K, used 272127K [0x00000007a0000000, 0x0000000800000000)
  region size 1024K, 14 young (14336K), 2 survivors (2048K)
 Metaspace       used 113667K, capacity 117368K, committed 117716K, reserved 1150976K
  class space    used 14907K, capacity 16254K, committed 16332K, reserved 1048576K
}
Event: 352.083 GC heap after
{Heap after GC invocations=56 (full 0):
 garbage-first heap   total 280576K, used 266163K [0x00000007a0000000, 0x0000000800000000)
  region size 1024K, 2 young (2048K), 2 survivors (2048K)
 Metaspace       used 113667K, capacity 117368K, committed 117716K, reserved 1150976K
  class space    used 14907K, capacity 16254K, committed 16332K, reserved 1048576K
}
Event: 352.399 GC heap before
{Heap before GC invocations=56 (full 0):
 garbage-first heap   total 280576K, used 277427K [0x00000007a0000000, 0x0000000800000000)
  region size 1024K, 14 young (14336K), 2 survivors (2048K)
 Metaspace       used 113907K, capacity 117653K, committed 117844K, reserved 1150976K
  class space    used 14973K, capacity 16359K, committed 16460K, reserved 1048576K
}
Event: 352.436 GC heap after
{Heap after GC invocations=57 (full 0):
 garbage-first heap   total 286720K, used 271840K [0x00000007a0000000, 0x0000000800000000)
  region size 1024K, 2 young (2048K), 2 survivors (2048K)
 Metaspace       used 113907K, capacity 117653K, committed 117844K, reserved 1150976K
  class space    used 14973K, capacity 16359K, committed 16460K, reserved 1048576K
}
Event: 352.904 GC heap before
{Heap before GC invocations=57 (full 0):
 garbage-first heap   total 286720K, used 283104K [0x00000007a0000000, 0x0000000800000000)
  region size 1024K, 14 young (14336K), 2 survivors (2048K)
 Metaspace       used 114269K, capacity 118074K, committed 118356K, reserved 1150976K
  class space    used 15003K, capacity 16413K, committed 16460K, reserved 1048576K
}
Event: 352.931 GC heap after
{Heap after GC invocations=58 (full 0):
 garbage-first heap   total 291840K, used 277247K [0x00000007a0000000, 0x0000000800000000)
  region size 1024K, 2 young (2048K), 2 survivors (2048K)
 Metaspace       used 114269K, capacity 118074K, committed 118356K, reserved 1150976K
  class space    used 15003K, capacity 16413K, committed 16460K, reserved 1048576K
}
Event: 353.515 GC heap before
{Heap before GC invocations=58 (full 0):
 garbage-first heap   total 291840K, used 288511K [0x00000007a0000000, 0x0000000800000000)
  region size 1024K, 14 young (14336K), 2 survivors (2048K)
 Metaspace       used 115093K, capacity 118953K, committed 119380K, reserved 1153024K
  class space    used 15150K, capacity 16597K, committed 16716K, reserved 1048576K
}
Event: 353.540 GC heap after
{Heap after GC invocations=59 (full 0):
 garbage-first heap   total 295936K, used 281600K [0x00000007a0000000, 0x0000000800000000)
  region size 1024K, 2 young (2048K), 2 survivors (2048K)
 Metaspace       used 115093K, capacity 118953K, committed 119380K, reserved 1153024K
  class space    used 15150K, capacity 16597K, committed 16716K, reserved 1048576K
}
Event: 354.049 GC heap before
{Heap before GC invocations=59 (full 0):
 garbage-first heap   total 295936K, used 292864K [0x00000007a0000000, 0x0000000800000000)
  region size 1024K, 14 young (14336K), 2 survivors (2048K)
 Metaspace       used 115771K, capacity 119701K, committed 119892K, reserved 1153024K
  class space    used 15226K, capacity 16695K, committed 16716K, reserved 1048576K
}
Event: 354.080 GC heap after
{Heap after GC invocations=60 (full 0):
 garbage-first heap   total 350208K, used 284135K [0x00000007a0000000, 0x0000000800000000)
  region size 1024K, 2 young (2048K), 2 survivors (2048K)
 Metaspace       used 115771K, capacity 119701K, committed 119892K, reserved 1153024K
  class space    used 15226K, capacity 16695K, committed 16716K, reserved 1048576K
}
Event: 354.794 GC heap before
{Heap before GC invocations=60 (full 0):
 garbage-first heap   total 350208K, used 298471K [0x00000007a0000000, 0x0000000800000000)
  region size 1024K, 17 young (17408K), 2 survivors (2048K)
 Metaspace       used 116665K, capacity 120617K, committed 120788K, reserved 1153024K
  class space    used 15339K, capacity 16825K, committed 16844K, reserved 1048576K
}
Event: 354.820 GC heap after
{Heap after GC invocations=61 (full 0):
 garbage-first heap   total 350208K, used 285078K [0x00000007a0000000, 0x0000000800000000)
  region size 1024K, 1 young (1024K), 1 survivors (1024K)
 Metaspace       used 116665K, capacity 120617K, committed 120788K, reserved 1153024K
  class space    used 15339K, capacity 16825K, committed 16844K, reserved 1048576K
}
Event: 356.325 GC heap before
{Heap before GC invocations=62 (full 0):
 garbage-first heap   total 350208K, used 300438K [0x00000007a0000000, 0x0000000800000000)
  region size 1024K, 17 young (17408K), 1 survivors (1024K)
 Metaspace       used 117667K, capacity 121810K, committed 122068K, reserved 1155072K
  class space    used 15470K, capacity 17003K, committed 17100K, reserved 1048576K
}
Event: 356.339 GC heap after
{Heap after GC invocations=63 (full 0):
 garbage-first heap   total 350208K, used 286652K [0x00000007a0000000, 0x0000000800000000)
  region size 1024K, 3 young (3072K), 3 survivors (3072K)
 Metaspace       used 117667K, capacity 121810K, committed 122068K, reserved 1155072K
  class space    used 15470K, capacity 17003K, committed 17100K, reserved 1048576K
}
Event: 357.327 GC heap before
{Heap before GC invocations=63 (full 0):
 garbage-first heap   total 350208K, used 300988K [0x00000007a0000000, 0x0000000800000000)
  region size 1024K, 17 young (17408K), 3 survivors (3072K)
 Metaspace       used 118253K, capacity 122415K, committed 122580K, reserved 1155072K
  class space    used 15534K, capacity 17094K, committed 17100K, reserved 1048576K
}
Event: 357.341 GC heap after
{Heap after GC invocations=64 (full 0):
 garbage-first heap   total 350208K, used 288074K [0x00000007a0000000, 0x0000000800000000)
  region size 1024K, 2 young (2048K), 2 survivors (2048K)
 Metaspace       used 118253K, capacity 122415K, committed 122580K, reserved 1155072K
  class space    used 15534K, capacity 17094K, committed 17100K, reserved 1048576K
}
Event: 359.614 GC heap before
{Heap before GC invocations=64 (full 0):
 garbage-first heap   total 350208K, used 302410K [0x00000007a0000000, 0x0000000800000000)
  region size 1024K, 17 young (17408K), 2 survivors (2048K)
 Metaspace       used 118670K, capacity 122896K, committed 123220K, reserved 1155072K
  class space    used 15557K, capacity 17142K, committed 17228K, reserved 1048576K
}
Event: 359.660 GC heap after
{Heap after GC invocations=65 (full 0):
 garbage-first heap   total 350208K, used 290727K [0x00000007a0000000, 0x0000000800000000)
  region size 1024K, 3 young (3072K), 3 survivors (3072K)
 Metaspace       used 118670K, capacity 122896K, committed 123220K, reserved 1155072K
  class space    used 15557K, capacity 17142K, committed 17228K, reserved 1048576K
}
Event: 360.864 GC heap before
{Heap before GC invocations=65 (full 0):
 garbage-first heap   total 350208K, used 305063K [0x00000007a0000000, 0x0000000800000000)
  region size 1024K, 17 young (17408K), 3 survivors (3072K)
 Metaspace       used 119006K, capacity 123283K, committed 123476K, reserved 1155072K
  class space    used 15591K, capacity 17182K, committed 17228K, reserved 1048576K
}

